###############################################################
#  Generated by:      Cadence Innovus 17.11-s080_1
#  OS:                Linux x86_64(Host ID ce-epo3-cad.ewi.tudelft.nl)
#  Generated on:      Tue Jan 17 13:41:55 2023
#  Design:            pixel
#  Command:           verifyGeometry
###############################################################

SHORT: Regular Via of Net gl_ram_n_8 & Blockage of Cell FE_RC_134_0  ( METAL1 )
Bounds : ( 169.250, 217.980 ) ( 170.150, 218.260 )


SHORT: Regular Via of Net gl_ram_n_424 & Blockage of Cell gl_ram_g56265  ( METAL1 )
Bounds : ( 318.730, 142.380 ) ( 319.110, 142.660 )


SHORT: Regular Via of Net gl_ram_n_723 & Blockage of Cell gl_ram_g55947  ( METAL1 )
Bounds : ( 259.970, 181.580 ) ( 260.870, 181.860 )



Begin Summary ...
  Cells       : 0
  SameNet     : 0
  Wiring      : 0
  Antenna     : 0
  Short       : 3
  Overlap     : 0
End Summary

  Total Violations : 3 Viols.
