Analysis & Synthesis report for top_de1
Wed Jan 11 19:37:38 2023
Quartus II 32-bit Version 13.0.1 Build 232 06/12/2013 Service Pack 1 SJ Full Version


---------------------
; Table of Contents ;
---------------------
  1. Legal Notice
  2. Analysis & Synthesis Summary
  3. Analysis & Synthesis Settings
  4. Parallel Compilation
  5. Analysis & Synthesis Source Files Read
  6. Analysis & Synthesis Resource Usage Summary
  7. Analysis & Synthesis Resource Utilization by Entity
  8. State Machine - |top_de1|mouse:inst|main_fsm:mfsm|state
  9. State Machine - |top_de1|mouse:inst|sendFSM:sfsm|state
 10. User-Specified and Inferred Latches
 11. Registers Removed During Synthesis
 12. General Register Statistics
 13. Multiplexer Restructuring Statistics (Restructuring Performed)
 14. Port Connectivity Checks: "mouse:inst|main_fsm:mfsm"
 15. Elapsed Time Per Partition
 16. Analysis & Synthesis Messages



----------------
; Legal Notice ;
----------------
Copyright (C) 1991-2013 Altera Corporation
Your use of Altera Corporation's design tools, logic functions 
and other software and tools, and its AMPP partner logic 
functions, and any output files from any of the foregoing 
(including device programming or simulation files), and any 
associated documentation or information are expressly subject 
to the terms and conditions of the Altera Program License 
Subscription Agreement, Altera MegaCore Function License 
Agreement, or other applicable license agreement, including, 
without limitation, that your use is for the sole purpose of 
programming logic devices manufactured by Altera and sold by 
Altera or its authorized distributors.  Please refer to the 
applicable agreement for further details.



+---------------------------------------------------------------------------------------+
; Analysis & Synthesis Summary                                                          ;
+------------------------------------+--------------------------------------------------+
; Analysis & Synthesis Status        ; Successful - Wed Jan 11 19:37:38 2023            ;
; Quartus II 32-bit Version          ; 13.0.1 Build 232 06/12/2013 SP 1 SJ Full Version ;
; Revision Name                      ; top_de1                                          ;
; Top-level Entity Name              ; top_de1                                          ;
; Family                             ; Cyclone II                                       ;
; Total logic elements               ; 117                                              ;
;     Total combinational functions  ; 110                                              ;
;     Dedicated logic registers      ; 67                                               ;
; Total registers                    ; 67                                               ;
; Total pins                         ; 21                                               ;
; Total virtual pins                 ; 0                                                ;
; Total memory bits                  ; 0                                                ;
; Embedded Multiplier 9-bit elements ; 0                                                ;
; Total PLLs                         ; 0                                                ;
+------------------------------------+--------------------------------------------------+


+----------------------------------------------------------------------------------------------------------------------+
; Analysis & Synthesis Settings                                                                                        ;
+----------------------------------------------------------------------------+--------------------+--------------------+
; Option                                                                     ; Setting            ; Default Value      ;
+----------------------------------------------------------------------------+--------------------+--------------------+
; Device                                                                     ; EP2C20F484C7       ;                    ;
; Top-level entity name                                                      ; top_de1            ; top_de1            ;
; Family name                                                                ; Cyclone II         ; Cyclone IV GX      ;
; Use smart compilation                                                      ; Off                ; Off                ;
; Enable parallel Assembler and TimeQuest Timing Analyzer during compilation ; On                 ; On                 ;
; Enable compact report table                                                ; Off                ; Off                ;
; Restructure Multiplexers                                                   ; Auto               ; Auto               ;
; Create Debugging Nodes for IP Cores                                        ; Off                ; Off                ;
; Preserve fewer node names                                                  ; On                 ; On                 ;
; Disable OpenCore Plus hardware evaluation                                  ; Off                ; Off                ;
; Verilog Version                                                            ; Verilog_2001       ; Verilog_2001       ;
; VHDL Version                                                               ; VHDL_1993          ; VHDL_1993          ;
; State Machine Processing                                                   ; Auto               ; Auto               ;
; Safe State Machine                                                         ; Off                ; Off                ;
; Extract Verilog State Machines                                             ; On                 ; On                 ;
; Extract VHDL State Machines                                                ; On                 ; On                 ;
; Ignore Verilog initial constructs                                          ; Off                ; Off                ;
; Iteration limit for constant Verilog loops                                 ; 5000               ; 5000               ;
; Iteration limit for non-constant Verilog loops                             ; 250                ; 250                ;
; Add Pass-Through Logic to Inferred RAMs                                    ; On                 ; On                 ;
; Infer RAMs from Raw Logic                                                  ; On                 ; On                 ;
; Parallel Synthesis                                                         ; On                 ; On                 ;
; DSP Block Balancing                                                        ; Auto               ; Auto               ;
; NOT Gate Push-Back                                                         ; On                 ; On                 ;
; Power-Up Don't Care                                                        ; On                 ; On                 ;
; Remove Redundant Logic Cells                                               ; Off                ; Off                ;
; Remove Duplicate Registers                                                 ; On                 ; On                 ;
; Ignore CARRY Buffers                                                       ; Off                ; Off                ;
; Ignore CASCADE Buffers                                                     ; Off                ; Off                ;
; Ignore GLOBAL Buffers                                                      ; Off                ; Off                ;
; Ignore ROW GLOBAL Buffers                                                  ; Off                ; Off                ;
; Ignore LCELL Buffers                                                       ; Off                ; Off                ;
; Ignore SOFT Buffers                                                        ; On                 ; On                 ;
; Limit AHDL Integers to 32 Bits                                             ; Off                ; Off                ;
; Optimization Technique                                                     ; Balanced           ; Balanced           ;
; Carry Chain Length                                                         ; 70                 ; 70                 ;
; Auto Carry Chains                                                          ; On                 ; On                 ;
; Auto Open-Drain Pins                                                       ; On                 ; On                 ;
; Perform WYSIWYG Primitive Resynthesis                                      ; Off                ; Off                ;
; Auto ROM Replacement                                                       ; On                 ; On                 ;
; Auto RAM Replacement                                                       ; On                 ; On                 ;
; Auto Shift Register Replacement                                            ; Auto               ; Auto               ;
; Allow Shift Register Merging across Hierarchies                            ; Auto               ; Auto               ;
; Auto Clock Enable Replacement                                              ; On                 ; On                 ;
; Strict RAM Replacement                                                     ; Off                ; Off                ;
; Allow Synchronous Control Signals                                          ; On                 ; On                 ;
; Force Use of Synchronous Clear Signals                                     ; Off                ; Off                ;
; Auto RAM to Logic Cell Conversion                                          ; Off                ; Off                ;
; Auto Resource Sharing                                                      ; Off                ; Off                ;
; Allow Any RAM Size For Recognition                                         ; Off                ; Off                ;
; Allow Any ROM Size For Recognition                                         ; Off                ; Off                ;
; Allow Any Shift Register Size For Recognition                              ; Off                ; Off                ;
; Use LogicLock Constraints during Resource Balancing                        ; On                 ; On                 ;
; Ignore translate_off and synthesis_off directives                          ; Off                ; Off                ;
; Timing-Driven Synthesis                                                    ; Off                ; Off                ;
; Report Parameter Settings                                                  ; On                 ; On                 ;
; Report Source Assignments                                                  ; On                 ; On                 ;
; Report Connectivity Checks                                                 ; On                 ; On                 ;
; Ignore Maximum Fan-Out Assignments                                         ; Off                ; Off                ;
; Synchronization Register Chain Length                                      ; 2                  ; 2                  ;
; PowerPlay Power Optimization                                               ; Normal compilation ; Normal compilation ;
; HDL message level                                                          ; Level2             ; Level2             ;
; Suppress Register Optimization Related Messages                            ; Off                ; Off                ;
; Number of Removed Registers Reported in Synthesis Report                   ; 5000               ; 5000               ;
; Number of Swept Nodes Reported in Synthesis Report                         ; 5000               ; 5000               ;
; Number of Inverted Registers Reported in Synthesis Report                  ; 100                ; 100                ;
; Clock MUX Protection                                                       ; On                 ; On                 ;
; Auto Gated Clock Conversion                                                ; Off                ; Off                ;
; Block Design Naming                                                        ; Auto               ; Auto               ;
; SDC constraint protection                                                  ; Off                ; Off                ;
; Synthesis Effort                                                           ; Auto               ; Auto               ;
; Shift Register Replacement - Allow Asynchronous Clear Signal               ; On                 ; On                 ;
; Pre-Mapping Resynthesis Optimization                                       ; Off                ; Off                ;
; Analysis & Synthesis Message Level                                         ; Medium             ; Medium             ;
; Disable Register Merging Across Hierarchies                                ; Auto               ; Auto               ;
; Resource Aware Inference For Block RAM                                     ; On                 ; On                 ;
; Synthesis Seed                                                             ; 1                  ; 1                  ;
+----------------------------------------------------------------------------+--------------------+--------------------+


+------------------------------------------+
; Parallel Compilation                     ;
+----------------------------+-------------+
; Processors                 ; Number      ;
+----------------------------+-------------+
; Number detected on machine ; 16          ;
; Maximum allowed            ; 16          ;
;                            ;             ;
; Average used               ; 1.00        ;
; Maximum used               ; 1           ;
;                            ;             ;
; Usage by Processor         ; % Time Used ;
;     Processor 1            ; 100.0%      ;
;     Processors 2-16        ;   0.0%      ;
+----------------------------+-------------+


+----------------------------------------------------------------------------------------------------------------------------------------------------------------------------+
; Analysis & Synthesis Source Files Read                                                                                                                                     ;
+---------------------------------------+-----------------+------------------------------------+-------------------------------------------------------------------+---------+
; File Name with User-Entered Path      ; Used in Netlist ; File Type                          ; File Name with Absolute Path                                      ; Library ;
+---------------------------------------+-----------------+------------------------------------+-------------------------------------------------------------------+---------+
; ../VHDL/timebase-behav.vhd            ; yes             ; User VHDL File                     ; /home/ghpdohmen/epo3/epo3/gwtf/VHDL/timebase-behav.vhd            ;         ;
; ../VHDL/timebase.vhd                  ; yes             ; User VHDL File                     ; /home/ghpdohmen/epo3/epo3/gwtf/VHDL/timebase.vhd                  ;         ;
; ../VHDL/shiftregister_9bit-behav.vhd  ; yes             ; User VHDL File                     ; /home/ghpdohmen/epo3/epo3/gwtf/VHDL/shiftregister_9bit-behav.vhd  ;         ;
; ../VHDL/shiftregister_9bit.vhd        ; yes             ; User VHDL File                     ; /home/ghpdohmen/epo3/epo3/gwtf/VHDL/shiftregister_9bit.vhd        ;         ;
; ../VHDL/shiftregister_11bit-behav.vhd ; yes             ; User VHDL File                     ; /home/ghpdohmen/epo3/epo3/gwtf/VHDL/shiftregister_11bit-behav.vhd ;         ;
; ../VHDL/shfitregister_11bit.vhd       ; yes             ; User VHDL File                     ; /home/ghpdohmen/epo3/epo3/gwtf/VHDL/shfitregister_11bit.vhd       ;         ;
; ../VHDL/sendFSM-behav.vhd             ; yes             ; User VHDL File                     ; /home/ghpdohmen/epo3/epo3/gwtf/VHDL/sendFSM-behav.vhd             ;         ;
; ../VHDL/sendFSM.vhd                   ; yes             ; User VHDL File                     ; /home/ghpdohmen/epo3/epo3/gwtf/VHDL/sendFSM.vhd                   ;         ;
; ../VHDL/mux-behav.vhd                 ; yes             ; User VHDL File                     ; /home/ghpdohmen/epo3/epo3/gwtf/VHDL/mux-behav.vhd                 ;         ;
; ../VHDL/mux.vhd                       ; yes             ; User VHDL File                     ; /home/ghpdohmen/epo3/epo3/gwtf/VHDL/mux.vhd                       ;         ;
; ../VHDL/mouse-behav.vhd               ; yes             ; User VHDL File                     ; /home/ghpdohmen/epo3/epo3/gwtf/VHDL/mouse-behav.vhd               ;         ;
; ../VHDL/mouse.vhd                     ; yes             ; User VHDL File                     ; /home/ghpdohmen/epo3/epo3/gwtf/VHDL/mouse.vhd                     ;         ;
; ../VHDL/main_fsm-behav.vhd            ; yes             ; User VHDL File                     ; /home/ghpdohmen/epo3/epo3/gwtf/VHDL/main_fsm-behav.vhd            ;         ;
; ../VHDL/main_fsm.vhd                  ; yes             ; User VHDL File                     ; /home/ghpdohmen/epo3/epo3/gwtf/VHDL/main_fsm.vhd                  ;         ;
; ../VHDL/flipflop.vhd                  ; yes             ; User VHDL File                     ; /home/ghpdohmen/epo3/epo3/gwtf/VHDL/flipflop.vhd                  ;         ;
; ../VHDL/flipflop-behav.vhd            ; yes             ; User VHDL File                     ; /home/ghpdohmen/epo3/epo3/gwtf/VHDL/flipflop-behav.vhd            ;         ;
; ../VHDL/edge_detector-behav.vhd       ; yes             ; User VHDL File                     ; /home/ghpdohmen/epo3/epo3/gwtf/VHDL/edge_detector-behav.vhd       ;         ;
; ../VHDL/edge_detector.vhd             ; yes             ; User VHDL File                     ; /home/ghpdohmen/epo3/epo3/gwtf/VHDL/edge_detector.vhd             ;         ;
; ../VHDL/counter25mhz.vhd              ; yes             ; User VHDL File                     ; /home/ghpdohmen/epo3/epo3/gwtf/VHDL/counter25mhz.vhd              ;         ;
; ../VHDL/counter25mhz-behav.vhd        ; yes             ; User VHDL File                     ; /home/ghpdohmen/epo3/epo3/gwtf/VHDL/counter25mhz-behav.vhd        ;         ;
; top_de1.bdf                           ; yes             ; User Block Diagram/Schematic File  ; /home/ghpdohmen/epo3/epo3/gwtf/quartus_DE1/top_de1.bdf            ;         ;
; gen25mhz.vhd                          ; yes             ; User VHDL File                     ; /home/ghpdohmen/epo3/epo3/gwtf/quartus_DE1/gen25mhz.vhd           ;         ;
+---------------------------------------+-----------------+------------------------------------+-------------------------------------------------------------------+---------+


+-----------------------------------------------------------------------+
; Analysis & Synthesis Resource Usage Summary                           ;
+---------------------------------------------+-------------------------+
; Resource                                    ; Usage                   ;
+---------------------------------------------+-------------------------+
; Estimated Total logic elements              ; 117                     ;
;                                             ;                         ;
; Total combinational functions               ; 110                     ;
; Logic element usage by number of LUT inputs ;                         ;
;     -- 4 input functions                    ; 27                      ;
;     -- 3 input functions                    ; 49                      ;
;     -- <=2 input functions                  ; 34                      ;
;                                             ;                         ;
; Logic elements by mode                      ;                         ;
;     -- normal mode                          ; 99                      ;
;     -- arithmetic mode                      ; 11                      ;
;                                             ;                         ;
; Total registers                             ; 67                      ;
;     -- Dedicated logic registers            ; 67                      ;
;     -- I/O registers                        ; 0                       ;
;                                             ;                         ;
; I/O pins                                    ; 21                      ;
; Embedded Multiplier 9-bit elements          ; 0                       ;
; Maximum fan-out node                        ; gen25mhz:inst1|count[0] ;
; Maximum fan-out                             ; 67                      ;
; Total fan-out                               ; 518                     ;
; Average fan-out                             ; 2.62                    ;
+---------------------------------------------+-------------------------+


+------------------------------------------------------------------------------------------------------------------------------------------------------------------------------------------------------------+
; Analysis & Synthesis Resource Utilization by Entity                                                                                                                                                        ;
+----------------------------------+-------------------+--------------+-------------+--------------+---------+-----------+------+--------------+----------------------------------------------+--------------+
; Compilation Hierarchy Node       ; LC Combinationals ; LC Registers ; Memory Bits ; DSP Elements ; DSP 9x9 ; DSP 18x18 ; Pins ; Virtual Pins ; Full Hierarchy Name                          ; Library Name ;
+----------------------------------+-------------------+--------------+-------------+--------------+---------+-----------+------+--------------+----------------------------------------------+--------------+
; |top_de1                         ; 110 (0)           ; 67 (0)       ; 0           ; 0            ; 0       ; 0         ; 21   ; 0            ; |top_de1                                     ; work         ;
;    |gen25mhz:inst1|              ; 1 (1)             ; 1 (1)        ; 0           ; 0            ; 0       ; 0         ; 0    ; 0            ; |top_de1|gen25mhz:inst1                      ; work         ;
;    |mouse:inst|                  ; 109 (0)           ; 66 (0)       ; 0           ; 0            ; 0       ; 0         ; 0    ; 0            ; |top_de1|mouse:inst                          ; work         ;
;       |counter25mhz:cnt|         ; 12 (12)           ; 12 (12)      ; 0           ; 0            ; 0       ; 0         ; 0    ; 0            ; |top_de1|mouse:inst|counter25mhz:cnt         ; work         ;
;       |edge_detector:ed|         ; 1 (1)             ; 2 (2)        ; 0           ; 0            ; 0       ; 0         ; 0    ; 0            ; |top_de1|mouse:inst|edge_detector:ed         ; work         ;
;       |flipflop:flipflop10|      ; 0 (0)             ; 1 (1)        ; 0           ; 0            ; 0       ; 0         ; 0    ; 0            ; |top_de1|mouse:inst|flipflop:flipflop10      ; work         ;
;       |flipflop:flipflop11|      ; 0 (0)             ; 1 (1)        ; 0           ; 0            ; 0       ; 0         ; 0    ; 0            ; |top_de1|mouse:inst|flipflop:flipflop11      ; work         ;
;       |flipflop:flipflop7|       ; 0 (0)             ; 1 (1)        ; 0           ; 0            ; 0       ; 0         ; 0    ; 0            ; |top_de1|mouse:inst|flipflop:flipflop7       ; work         ;
;       |flipflop:flipflop8|       ; 0 (0)             ; 1 (1)        ; 0           ; 0            ; 0       ; 0         ; 0    ; 0            ; |top_de1|mouse:inst|flipflop:flipflop8       ; work         ;
;       |flipflop:flipflop9|       ; 0 (0)             ; 1 (1)        ; 0           ; 0            ; 0       ; 0         ; 0    ; 0            ; |top_de1|mouse:inst|flipflop:flipflop9       ; work         ;
;       |main_fsm:mfsm|            ; 42 (42)           ; 22 (22)      ; 0           ; 0            ; 0       ; 0         ; 0    ; 0            ; |top_de1|mouse:inst|main_fsm:mfsm            ; work         ;
;       |mux:mx|                   ; 1 (1)             ; 0 (0)        ; 0           ; 0            ; 0       ; 0         ; 0    ; 0            ; |top_de1|mouse:inst|mux:mx                   ; work         ;
;       |sendFSM:sfsm|             ; 28 (28)           ; 4 (4)        ; 0           ; 0            ; 0       ; 0         ; 0    ; 0            ; |top_de1|mouse:inst|sendFSM:sfsm             ; work         ;
;       |shiftregister_11bit:sr11| ; 9 (9)             ; 8 (8)        ; 0           ; 0            ; 0       ; 0         ; 0    ; 0            ; |top_de1|mouse:inst|shiftregister_11bit:sr11 ; work         ;
;       |shiftregister_9bit:sr|    ; 10 (10)           ; 9 (9)        ; 0           ; 0            ; 0       ; 0         ; 0    ; 0            ; |top_de1|mouse:inst|shiftregister_9bit:sr    ; work         ;
;       |timebase:tb|              ; 6 (6)             ; 4 (4)        ; 0           ; 0            ; 0       ; 0         ; 0    ; 0            ; |top_de1|mouse:inst|timebase:tb              ; work         ;
+----------------------------------+-------------------+--------------+-------------+--------------+---------+-----------+------+--------------+----------------------------------------------+--------------+
Note: For table entries with two numbers listed, the numbers in parentheses indicate the number of resources of the given type used by the specific entity alone. The numbers listed outside of parentheses indicate the total resources of the given type used by the specific entity and all of its sub-entities in the hierarchy.


Encoding Type:  One-Hot
+--------------------------------------------------------------------------------------------------------------------------------------------------------------------------------------------------------------------------------------------------------------------------------------------------------------------------------------------------------------------------------------------------------------------------------------------------------------------------------------------------------------------------------------------+
; State Machine - |top_de1|mouse:inst|main_fsm:mfsm|state                                                                                                                                                                                                                                                                                                                                                                                                                                                                                    ;
+------------------------+------------------------+-----------------------+------------------------+----------------------+--------------+------------------------+----------------------+--------------+------------------------+----------------------+--------------+------------------------+----------------+------------------------+----------------+-----------------------+---------------+-----------------------+---------------+-----------------------+---------------+----------------------+--------------+-------------------+
; Name                   ; state.handshake_state2 ; state.handshake_state ; state.data_3_cnt_rst_2 ; state.data_3_cnt_rst ; state.data_3 ; state.data_2_cnt_rst_2 ; state.data_2_cnt_rst ; state.data_2 ; state.data_1_cnt_rst_2 ; state.data_1_cnt_rst ; state.data_1 ; state.wachtFA2_cnt_rst ; state.wachtFA2 ; state.enableF4_cnt_rst ; state.enableF4 ; state.wachtID_cnt_rst ; state.wachtID ; state.wachtAA_cnt_rst ; state.wachtAA ; state.wachtFA_cnt_rst ; state.wachtFA ; state.sendFF_cnt_rst ; state.sendFF ; state.reset_state ;
+------------------------+------------------------+-----------------------+------------------------+----------------------+--------------+------------------------+----------------------+--------------+------------------------+----------------------+--------------+------------------------+----------------+------------------------+----------------+-----------------------+---------------+-----------------------+---------------+-----------------------+---------------+----------------------+--------------+-------------------+
; state.reset_state      ; 0                      ; 0                     ; 0                      ; 0                    ; 0            ; 0                      ; 0                    ; 0            ; 0                      ; 0                    ; 0            ; 0                      ; 0              ; 0                      ; 0              ; 0                     ; 0             ; 0                     ; 0             ; 0                     ; 0             ; 0                    ; 0            ; 0                 ;
; state.sendFF           ; 0                      ; 0                     ; 0                      ; 0                    ; 0            ; 0                      ; 0                    ; 0            ; 0                      ; 0                    ; 0            ; 0                      ; 0              ; 0                      ; 0              ; 0                     ; 0             ; 0                     ; 0             ; 0                     ; 0             ; 0                    ; 1            ; 1                 ;
; state.sendFF_cnt_rst   ; 0                      ; 0                     ; 0                      ; 0                    ; 0            ; 0                      ; 0                    ; 0            ; 0                      ; 0                    ; 0            ; 0                      ; 0              ; 0                      ; 0              ; 0                     ; 0             ; 0                     ; 0             ; 0                     ; 0             ; 1                    ; 0            ; 1                 ;
; state.wachtFA          ; 0                      ; 0                     ; 0                      ; 0                    ; 0            ; 0                      ; 0                    ; 0            ; 0                      ; 0                    ; 0            ; 0                      ; 0              ; 0                      ; 0              ; 0                     ; 0             ; 0                     ; 0             ; 0                     ; 1             ; 0                    ; 0            ; 1                 ;
; state.wachtFA_cnt_rst  ; 0                      ; 0                     ; 0                      ; 0                    ; 0            ; 0                      ; 0                    ; 0            ; 0                      ; 0                    ; 0            ; 0                      ; 0              ; 0                      ; 0              ; 0                     ; 0             ; 0                     ; 0             ; 1                     ; 0             ; 0                    ; 0            ; 1                 ;
; state.wachtAA          ; 0                      ; 0                     ; 0                      ; 0                    ; 0            ; 0                      ; 0                    ; 0            ; 0                      ; 0                    ; 0            ; 0                      ; 0              ; 0                      ; 0              ; 0                     ; 0             ; 0                     ; 1             ; 0                     ; 0             ; 0                    ; 0            ; 1                 ;
; state.wachtAA_cnt_rst  ; 0                      ; 0                     ; 0                      ; 0                    ; 0            ; 0                      ; 0                    ; 0            ; 0                      ; 0                    ; 0            ; 0                      ; 0              ; 0                      ; 0              ; 0                     ; 0             ; 1                     ; 0             ; 0                     ; 0             ; 0                    ; 0            ; 1                 ;
; state.wachtID          ; 0                      ; 0                     ; 0                      ; 0                    ; 0            ; 0                      ; 0                    ; 0            ; 0                      ; 0                    ; 0            ; 0                      ; 0              ; 0                      ; 0              ; 0                     ; 1             ; 0                     ; 0             ; 0                     ; 0             ; 0                    ; 0            ; 1                 ;
; state.wachtID_cnt_rst  ; 0                      ; 0                     ; 0                      ; 0                    ; 0            ; 0                      ; 0                    ; 0            ; 0                      ; 0                    ; 0            ; 0                      ; 0              ; 0                      ; 0              ; 1                     ; 0             ; 0                     ; 0             ; 0                     ; 0             ; 0                    ; 0            ; 1                 ;
; state.enableF4         ; 0                      ; 0                     ; 0                      ; 0                    ; 0            ; 0                      ; 0                    ; 0            ; 0                      ; 0                    ; 0            ; 0                      ; 0              ; 0                      ; 1              ; 0                     ; 0             ; 0                     ; 0             ; 0                     ; 0             ; 0                    ; 0            ; 1                 ;
; state.enableF4_cnt_rst ; 0                      ; 0                     ; 0                      ; 0                    ; 0            ; 0                      ; 0                    ; 0            ; 0                      ; 0                    ; 0            ; 0                      ; 0              ; 1                      ; 0              ; 0                     ; 0             ; 0                     ; 0             ; 0                     ; 0             ; 0                    ; 0            ; 1                 ;
; state.wachtFA2         ; 0                      ; 0                     ; 0                      ; 0                    ; 0            ; 0                      ; 0                    ; 0            ; 0                      ; 0                    ; 0            ; 0                      ; 1              ; 0                      ; 0              ; 0                     ; 0             ; 0                     ; 0             ; 0                     ; 0             ; 0                    ; 0            ; 1                 ;
; state.wachtFA2_cnt_rst ; 0                      ; 0                     ; 0                      ; 0                    ; 0            ; 0                      ; 0                    ; 0            ; 0                      ; 0                    ; 0            ; 1                      ; 0              ; 0                      ; 0              ; 0                     ; 0             ; 0                     ; 0             ; 0                     ; 0             ; 0                    ; 0            ; 1                 ;
; state.data_1           ; 0                      ; 0                     ; 0                      ; 0                    ; 0            ; 0                      ; 0                    ; 0            ; 0                      ; 0                    ; 1            ; 0                      ; 0              ; 0                      ; 0              ; 0                     ; 0             ; 0                     ; 0             ; 0                     ; 0             ; 0                    ; 0            ; 1                 ;
; state.data_1_cnt_rst   ; 0                      ; 0                     ; 0                      ; 0                    ; 0            ; 0                      ; 0                    ; 0            ; 0                      ; 1                    ; 0            ; 0                      ; 0              ; 0                      ; 0              ; 0                     ; 0             ; 0                     ; 0             ; 0                     ; 0             ; 0                    ; 0            ; 1                 ;
; state.data_1_cnt_rst_2 ; 0                      ; 0                     ; 0                      ; 0                    ; 0            ; 0                      ; 0                    ; 0            ; 1                      ; 0                    ; 0            ; 0                      ; 0              ; 0                      ; 0              ; 0                     ; 0             ; 0                     ; 0             ; 0                     ; 0             ; 0                    ; 0            ; 1                 ;
; state.data_2           ; 0                      ; 0                     ; 0                      ; 0                    ; 0            ; 0                      ; 0                    ; 1            ; 0                      ; 0                    ; 0            ; 0                      ; 0              ; 0                      ; 0              ; 0                     ; 0             ; 0                     ; 0             ; 0                     ; 0             ; 0                    ; 0            ; 1                 ;
; state.data_2_cnt_rst   ; 0                      ; 0                     ; 0                      ; 0                    ; 0            ; 0                      ; 1                    ; 0            ; 0                      ; 0                    ; 0            ; 0                      ; 0              ; 0                      ; 0              ; 0                     ; 0             ; 0                     ; 0             ; 0                     ; 0             ; 0                    ; 0            ; 1                 ;
; state.data_2_cnt_rst_2 ; 0                      ; 0                     ; 0                      ; 0                    ; 0            ; 1                      ; 0                    ; 0            ; 0                      ; 0                    ; 0            ; 0                      ; 0              ; 0                      ; 0              ; 0                     ; 0             ; 0                     ; 0             ; 0                     ; 0             ; 0                    ; 0            ; 1                 ;
; state.data_3           ; 0                      ; 0                     ; 0                      ; 0                    ; 1            ; 0                      ; 0                    ; 0            ; 0                      ; 0                    ; 0            ; 0                      ; 0              ; 0                      ; 0              ; 0                     ; 0             ; 0                     ; 0             ; 0                     ; 0             ; 0                    ; 0            ; 1                 ;
; state.data_3_cnt_rst   ; 0                      ; 0                     ; 0                      ; 1                    ; 0            ; 0                      ; 0                    ; 0            ; 0                      ; 0                    ; 0            ; 0                      ; 0              ; 0                      ; 0              ; 0                     ; 0             ; 0                     ; 0             ; 0                     ; 0             ; 0                    ; 0            ; 1                 ;
; state.data_3_cnt_rst_2 ; 0                      ; 0                     ; 1                      ; 0                    ; 0            ; 0                      ; 0                    ; 0            ; 0                      ; 0                    ; 0            ; 0                      ; 0              ; 0                      ; 0              ; 0                     ; 0             ; 0                     ; 0             ; 0                     ; 0             ; 0                    ; 0            ; 1                 ;
; state.handshake_state  ; 0                      ; 1                     ; 0                      ; 0                    ; 0            ; 0                      ; 0                    ; 0            ; 0                      ; 0                    ; 0            ; 0                      ; 0              ; 0                      ; 0              ; 0                     ; 0             ; 0                     ; 0             ; 0                     ; 0             ; 0                    ; 0            ; 1                 ;
; state.handshake_state2 ; 1                      ; 0                     ; 0                      ; 0                    ; 0            ; 0                      ; 0                    ; 0            ; 0                      ; 0                    ; 0            ; 0                      ; 0              ; 0                      ; 0              ; 0                     ; 0             ; 0                     ; 0             ; 0                     ; 0             ; 0                    ; 0            ; 1                 ;
+------------------------+------------------------+-----------------------+------------------------+----------------------+--------------+------------------------+----------------------+--------------+------------------------+----------------------+--------------+------------------------+----------------+------------------------+----------------+-----------------------+---------------+-----------------------+---------------+-----------------------+---------------+----------------------+--------------+-------------------+


Encoding Type:  One-Hot
+----------------------------------------------------------------------------------------------------------------+
; State Machine - |top_de1|mouse:inst|sendFSM:sfsm|state                                                         ;
+-------------------------+-------------------------+--------------------+-------------------+-------------------+
; Name                    ; state.waitforclockstate ; state.bothlowstate ; state.clklowstate ; state.reset_state ;
+-------------------------+-------------------------+--------------------+-------------------+-------------------+
; state.reset_state       ; 0                       ; 0                  ; 0                 ; 0                 ;
; state.clklowstate       ; 0                       ; 0                  ; 1                 ; 1                 ;
; state.bothlowstate      ; 0                       ; 1                  ; 0                 ; 1                 ;
; state.waitforclockstate ; 1                       ; 0                  ; 0                 ; 1                 ;
+-------------------------+-------------------------+--------------------+-------------------+-------------------+


+------------------------------------------------------------------------------------------------------------------------------------+
; User-Specified and Inferred Latches                                                                                                ;
+---------------------------------------------------------+-------------------------------------------------+------------------------+
; Latch Name                                              ; Latch Enable Signal                             ; Free of Timing Hazards ;
+---------------------------------------------------------+-------------------------------------------------+------------------------+
; mouse:inst|sendFSM:sfsm|new_state.bothlowstate_118      ; mouse:inst|sendFSM:sfsm|state.waitforclockstate ; yes                    ;
; mouse:inst|sendFSM:sfsm|dataToReg[8]                    ; mouse:inst|sendFSM:sfsm|state.waitforclockstate ; yes                    ;
; mouse:inst|sendFSM:sfsm|new_state.waitforclockstate_110 ; mouse:inst|sendFSM:sfsm|state.waitforclockstate ; yes                    ;
; mouse:inst|sendFSM:sfsm|new_state.clklowstate_126       ; mouse:inst|sendFSM:sfsm|state.waitforclockstate ; yes                    ;
; mouse:inst|sendFSM:sfsm|dataToReg[6]                    ; mouse:inst|sendFSM:sfsm|state.waitforclockstate ; yes                    ;
; mouse:inst|sendFSM:sfsm|new_state.reset_state_134       ; mouse:inst|sendFSM:sfsm|state.waitforclockstate ; yes                    ;
; mouse:inst|sendFSM:sfsm|dataToReg[5]                    ; mouse:inst|sendFSM:sfsm|state.waitforclockstate ; yes                    ;
; mouse:inst|sendFSM:sfsm|dataToReg[4]                    ; mouse:inst|sendFSM:sfsm|state.waitforclockstate ; yes                    ;
; mouse:inst|sendFSM:sfsm|dataToReg[2]                    ; mouse:inst|sendFSM:sfsm|state.waitforclockstate ; yes                    ;
; mouse:inst|sendFSM:sfsm|dataToReg[1]                    ; mouse:inst|sendFSM:sfsm|state.waitforclockstate ; yes                    ;
; mouse:inst|sendFSM:sfsm|dataToReg[0]                    ; mouse:inst|sendFSM:sfsm|state.waitforclockstate ; yes                    ;
; Number of user-specified and inferred latches = 11      ;                                                 ;                        ;
+---------------------------------------------------------+-------------------------------------------------+------------------------+
Note: All latches listed above may not be present at the end of synthesis due to various synthesis optimizations.


+------------------------------------------------------------------------------------------+
; Registers Removed During Synthesis                                                       ;
+-------------------------------------------------+----------------------------------------+
; Register name                                   ; Reason for Removal                     ;
+-------------------------------------------------+----------------------------------------+
; mouse:inst|main_fsm:mfsm|state.handshake_state2 ; Lost fanout                            ;
; mouse:inst|main_fsm:mfsm|state.handshake_state  ; Stuck at GND due to stuck port data_in ;
; Total Number of Removed Registers = 2           ;                                        ;
+-------------------------------------------------+----------------------------------------+


+------------------------------------------------------+
; General Register Statistics                          ;
+----------------------------------------------+-------+
; Statistic                                    ; Value ;
+----------------------------------------------+-------+
; Total registers                              ; 67    ;
; Number of registers using Synchronous Clear  ; 20    ;
; Number of registers using Synchronous Load   ; 1     ;
; Number of registers using Asynchronous Clear ; 0     ;
; Number of registers using Asynchronous Load  ; 0     ;
; Number of registers using Clock Enable       ; 25    ;
; Number of registers using Preset             ; 0     ;
+----------------------------------------------+-------+


+-------------------------------------------------------------------------------------------------------------------------------------------------------------------------+
; Multiplexer Restructuring Statistics (Restructuring Performed)                                                                                                          ;
+--------------------+-----------+---------------+----------------------+------------------------+------------+-----------------------------------------------------------+
; Multiplexer Inputs ; Bus Width ; Baseline Area ; Area if Restructured ; Saving if Restructured ; Registered ; Example Multiplexer Output                                ;
+--------------------+-----------+---------------+----------------------+------------------------+------------+-----------------------------------------------------------+
; 3:1                ; 8 bits    ; 16 LEs        ; 8 LEs                ; 8 LEs                  ; Yes        ; |top_de1|mouse:inst|shiftregister_11bit:sr11|data_out[4]  ;
; 3:1                ; 2 bits    ; 4 LEs         ; 2 LEs                ; 2 LEs                  ; Yes        ; |top_de1|mouse:inst|shiftregister_9bit:sr|new_new_data[7] ;
; 3:1                ; 6 bits    ; 12 LEs        ; 6 LEs                ; 6 LEs                  ; Yes        ; |top_de1|mouse:inst|shiftregister_9bit:sr|new_new_data[6] ;
; 3:1                ; 4 bits    ; 8 LEs         ; 4 LEs                ; 4 LEs                  ; Yes        ; |top_de1|mouse:inst|timebase:tb|count[3]                  ;
+--------------------+-----------+---------------+----------------------+------------------------+------------+-----------------------------------------------------------+


+-------------------------------------------------------------------------------------------------------------------------+
; Port Connectivity Checks: "mouse:inst|main_fsm:mfsm"                                                                    ;
+---------------+--------+----------+-------------------------------------------------------------------------------------+
; Port          ; Type   ; Severity ; Details                                                                             ;
+---------------+--------+----------+-------------------------------------------------------------------------------------+
; bit11_reg_rst ; Output ; Info     ; Connected to dangling logic. Logic that only feeds a dangling port will be removed. ;
+---------------+--------+----------+-------------------------------------------------------------------------------------+


+-------------------------------+
; Elapsed Time Per Partition    ;
+----------------+--------------+
; Partition Name ; Elapsed Time ;
+----------------+--------------+
; Top            ; 00:00:00     ;
+----------------+--------------+


+-------------------------------+
; Analysis & Synthesis Messages ;
+-------------------------------+
Info: *******************************************************************
Info: Running Quartus II 32-bit Analysis & Synthesis
    Info: Version 13.0.1 Build 232 06/12/2013 Service Pack 1 SJ Full Version
    Info: Processing started: Wed Jan 11 19:37:34 2023
Info: Command: quartus_map --read_settings_files=on --write_settings_files=off de1 -c top_de1
Info (20030): Parallel compilation is enabled and will use 16 of the 16 processors detected
Info (12021): Found 1 design units, including 0 entities, in source file /home/ghpdohmen/epo3/epo3/gwtf/VHDL/timebase-behav.vhd
    Info (12022): Found design unit 1: timebase-behav
Info (12021): Found 1 design units, including 1 entities, in source file /home/ghpdohmen/epo3/epo3/gwtf/VHDL/timebase.vhd
    Info (12023): Found entity 1: timebase
Info (12021): Found 1 design units, including 0 entities, in source file /home/ghpdohmen/epo3/epo3/gwtf/VHDL/shiftregister_9bit-behav.vhd
    Info (12022): Found design unit 1: shiftregister_9bit-behav
Info (12021): Found 1 design units, including 1 entities, in source file /home/ghpdohmen/epo3/epo3/gwtf/VHDL/shiftregister_9bit.vhd
    Info (12023): Found entity 1: shiftregister_9bit
Info (12021): Found 1 design units, including 0 entities, in source file /home/ghpdohmen/epo3/epo3/gwtf/VHDL/shiftregister_11bit-behav.vhd
    Info (12022): Found design unit 1: shiftregister_11bit-behav
Info (12021): Found 1 design units, including 1 entities, in source file /home/ghpdohmen/epo3/epo3/gwtf/VHDL/shfitregister_11bit.vhd
    Info (12023): Found entity 1: shiftregister_11bit
Info (12021): Found 1 design units, including 0 entities, in source file /home/ghpdohmen/epo3/epo3/gwtf/VHDL/sendFSM-behav.vhd
    Info (12022): Found design unit 1: sendFSM-behav
Info (12021): Found 1 design units, including 1 entities, in source file /home/ghpdohmen/epo3/epo3/gwtf/VHDL/sendFSM.vhd
    Info (12023): Found entity 1: sendFSM
Info (12021): Found 1 design units, including 0 entities, in source file /home/ghpdohmen/epo3/epo3/gwtf/VHDL/mux-behav.vhd
    Info (12022): Found design unit 1: mux-behav
Warning (12090): Entity "mux" obtained from "../VHDL/mux.vhd" instead of from Quartus II megafunction library
Info (12021): Found 1 design units, including 1 entities, in source file /home/ghpdohmen/epo3/epo3/gwtf/VHDL/mux.vhd
    Info (12023): Found entity 1: mux
Info (12021): Found 1 design units, including 0 entities, in source file /home/ghpdohmen/epo3/epo3/gwtf/VHDL/mouse-behav.vhd
    Info (12022): Found design unit 1: mouse-behav
Info (12021): Found 1 design units, including 1 entities, in source file /home/ghpdohmen/epo3/epo3/gwtf/VHDL/mouse.vhd
    Info (12023): Found entity 1: mouse
Info (12021): Found 1 design units, including 0 entities, in source file /home/ghpdohmen/epo3/epo3/gwtf/VHDL/main_fsm-behav.vhd
    Info (12022): Found design unit 1: main_fsm-behav
Info (12021): Found 1 design units, including 1 entities, in source file /home/ghpdohmen/epo3/epo3/gwtf/VHDL/main_fsm.vhd
    Info (12023): Found entity 1: main_fsm
Info (12021): Found 1 design units, including 1 entities, in source file /home/ghpdohmen/epo3/epo3/gwtf/VHDL/flipflop.vhd
    Info (12023): Found entity 1: flipflop
Info (12021): Found 1 design units, including 0 entities, in source file /home/ghpdohmen/epo3/epo3/gwtf/VHDL/flipflop-behav.vhd
    Info (12022): Found design unit 1: flipflop-behav
Info (12021): Found 1 design units, including 0 entities, in source file /home/ghpdohmen/epo3/epo3/gwtf/VHDL/edge_detector-behav.vhd
    Info (12022): Found design unit 1: edge_detector-behav
Info (12021): Found 1 design units, including 1 entities, in source file /home/ghpdohmen/epo3/epo3/gwtf/VHDL/edge_detector.vhd
    Info (12023): Found entity 1: edge_detector
Info (12021): Found 1 design units, including 1 entities, in source file /home/ghpdohmen/epo3/epo3/gwtf/VHDL/counter25mhz.vhd
    Info (12023): Found entity 1: counter25mhz
Info (12021): Found 1 design units, including 0 entities, in source file /home/ghpdohmen/epo3/epo3/gwtf/VHDL/counter25mhz-behav.vhd
    Info (12022): Found design unit 1: counter25mhz-behav
Info (12021): Found 1 design units, including 1 entities, in source file top_de1.bdf
    Info (12023): Found entity 1: top_de1
Info (12021): Found 2 design units, including 1 entities, in source file gen25mhz.vhd
    Info (12022): Found design unit 1: gen25mhz-behaviour
    Info (12023): Found entity 1: gen25mhz
Info (12127): Elaborating entity "top_de1" for the top level hierarchy
Info (12128): Elaborating entity "mouse" for hierarchy "mouse:inst"
Warning (10036): Verilog HDL or VHDL warning at mouse-behav.vhd(110): object "bit11_reg_rst" assigned a value but never read
Warning (10492): VHDL Process Statement warning at mouse-behav.vhd(123): signal "reset" is read inside the Process Statement but isn't in the Process Statement's sensitivity list
Warning (10492): VHDL Process Statement warning at mouse-behav.vhd(124): signal "count15k" is read inside the Process Statement but isn't in the Process Statement's sensitivity list
Warning (10492): VHDL Process Statement warning at mouse-behav.vhd(125): signal "count15k" is read inside the Process Statement but isn't in the Process Statement's sensitivity list
Warning (10492): VHDL Process Statement warning at mouse-behav.vhd(126): signal "count15k" is read inside the Process Statement but isn't in the Process Statement's sensitivity list
Warning (10492): VHDL Process Statement warning at mouse-behav.vhd(127): signal "count15k" is read inside the Process Statement but isn't in the Process Statement's sensitivity list
Warning (10492): VHDL Process Statement warning at mouse-behav.vhd(128): signal "leds_mainfsm" is read inside the Process Statement but isn't in the Process Statement's sensitivity list
Warning (10492): VHDL Process Statement warning at mouse-behav.vhd(129): signal "leds_mainfsm" is read inside the Process Statement but isn't in the Process Statement's sensitivity list
Warning (10492): VHDL Process Statement warning at mouse-behav.vhd(130): signal "leds_mainfsm" is read inside the Process Statement but isn't in the Process Statement's sensitivity list
Warning (10492): VHDL Process Statement warning at mouse-behav.vhd(131): signal "leds_mainfsm" is read inside the Process Statement but isn't in the Process Statement's sensitivity list
Warning (10492): VHDL Process Statement warning at mouse-behav.vhd(132): signal "leds_mainfsm" is read inside the Process Statement but isn't in the Process Statement's sensitivity list
Info (12128): Elaborating entity "counter25mhz" for hierarchy "mouse:inst|counter25mhz:cnt"
Info (12128): Elaborating entity "edge_detector" for hierarchy "mouse:inst|edge_detector:ed"
Info (12128): Elaborating entity "shiftregister_9bit" for hierarchy "mouse:inst|shiftregister_9bit:sr"
Warning (10492): VHDL Process Statement warning at shiftregister_9bit-behav.vhd(17): signal "new_new_data" is read inside the Process Statement but isn't in the Process Statement's sensitivity list
Info (12128): Elaborating entity "sendFSM" for hierarchy "mouse:inst|sendFSM:sfsm"
Warning (10492): VHDL Process Statement warning at sendFSM-behav.vhd(49): signal "actBit" is read inside the Process Statement but isn't in the Process Statement's sensitivity list
Warning (10492): VHDL Process Statement warning at sendFSM-behav.vhd(66): signal "actBit" is read inside the Process Statement but isn't in the Process Statement's sensitivity list
Warning (10631): VHDL Process Statement warning at sendFSM-behav.vhd(28): inferring latch(es) for signal or variable "dataToReg", which holds its previous value in one or more paths through the process
Warning (10631): VHDL Process Statement warning at sendFSM-behav.vhd(28): inferring latch(es) for signal or variable "new_state", which holds its previous value in one or more paths through the process
Info (10041): Inferred latch for "new_state.waitforclockstate" at sendFSM-behav.vhd(28)
Info (10041): Inferred latch for "new_state.bothlowstate" at sendFSM-behav.vhd(28)
Info (10041): Inferred latch for "new_state.clklowstate" at sendFSM-behav.vhd(28)
Info (10041): Inferred latch for "new_state.reset_state" at sendFSM-behav.vhd(28)
Info (10041): Inferred latch for "dataToReg[0]" at sendFSM-behav.vhd(28)
Info (10041): Inferred latch for "dataToReg[1]" at sendFSM-behav.vhd(28)
Info (10041): Inferred latch for "dataToReg[2]" at sendFSM-behav.vhd(28)
Info (10041): Inferred latch for "dataToReg[3]" at sendFSM-behav.vhd(28)
Info (10041): Inferred latch for "dataToReg[4]" at sendFSM-behav.vhd(28)
Info (10041): Inferred latch for "dataToReg[5]" at sendFSM-behav.vhd(28)
Info (10041): Inferred latch for "dataToReg[6]" at sendFSM-behav.vhd(28)
Info (10041): Inferred latch for "dataToReg[7]" at sendFSM-behav.vhd(28)
Info (10041): Inferred latch for "dataToReg[8]" at sendFSM-behav.vhd(28)
Info (12128): Elaborating entity "mux" for hierarchy "mouse:inst|mux:mx"
Info (12128): Elaborating entity "timebase" for hierarchy "mouse:inst|timebase:tb"
Info (12128): Elaborating entity "main_fsm" for hierarchy "mouse:inst|main_fsm:mfsm"
Warning (10492): VHDL Process Statement warning at main_fsm-behav.vhd(53): signal "count15k_in" is read inside the Process Statement but isn't in the Process Statement's sensitivity list
Warning (10492): VHDL Process Statement warning at main_fsm-behav.vhd(85): signal "count15k_in" is read inside the Process Statement but isn't in the Process Statement's sensitivity list
Warning (10492): VHDL Process Statement warning at main_fsm-behav.vhd(117): signal "count15k_in" is read inside the Process Statement but isn't in the Process Statement's sensitivity list
Warning (10492): VHDL Process Statement warning at main_fsm-behav.vhd(149): signal "count15k_in" is read inside the Process Statement but isn't in the Process Statement's sensitivity list
Warning (10492): VHDL Process Statement warning at main_fsm-behav.vhd(182): signal "count15k_in" is read inside the Process Statement but isn't in the Process Statement's sensitivity list
Warning (10492): VHDL Process Statement warning at main_fsm-behav.vhd(214): signal "count15k_in" is read inside the Process Statement but isn't in the Process Statement's sensitivity list
Warning (10492): VHDL Process Statement warning at main_fsm-behav.vhd(246): signal "count15k_in" is read inside the Process Statement but isn't in the Process Statement's sensitivity list
Warning (10492): VHDL Process Statement warning at main_fsm-behav.vhd(264): signal "data_in" is read inside the Process Statement but isn't in the Process Statement's sensitivity list
Warning (10492): VHDL Process Statement warning at main_fsm-behav.vhd(265): signal "data_in" is read inside the Process Statement but isn't in the Process Statement's sensitivity list
Warning (10492): VHDL Process Statement warning at main_fsm-behav.vhd(266): signal "data_in" is read inside the Process Statement but isn't in the Process Statement's sensitivity list
Warning (10492): VHDL Process Statement warning at main_fsm-behav.vhd(267): signal "data_in" is read inside the Process Statement but isn't in the Process Statement's sensitivity list
Warning (10492): VHDL Process Statement warning at main_fsm-behav.vhd(268): signal "data_in" is read inside the Process Statement but isn't in the Process Statement's sensitivity list
Warning (10492): VHDL Process Statement warning at main_fsm-behav.vhd(283): signal "data_in" is read inside the Process Statement but isn't in the Process Statement's sensitivity list
Warning (10492): VHDL Process Statement warning at main_fsm-behav.vhd(284): signal "data_in" is read inside the Process Statement but isn't in the Process Statement's sensitivity list
Warning (10492): VHDL Process Statement warning at main_fsm-behav.vhd(285): signal "data_in" is read inside the Process Statement but isn't in the Process Statement's sensitivity list
Warning (10492): VHDL Process Statement warning at main_fsm-behav.vhd(286): signal "data_in" is read inside the Process Statement but isn't in the Process Statement's sensitivity list
Warning (10492): VHDL Process Statement warning at main_fsm-behav.vhd(287): signal "data_in" is read inside the Process Statement but isn't in the Process Statement's sensitivity list
Warning (10492): VHDL Process Statement warning at main_fsm-behav.vhd(305): signal "count15k_in" is read inside the Process Statement but isn't in the Process Statement's sensitivity list
Warning (10492): VHDL Process Statement warning at main_fsm-behav.vhd(325): signal "data_in" is read inside the Process Statement but isn't in the Process Statement's sensitivity list
Warning (10492): VHDL Process Statement warning at main_fsm-behav.vhd(326): signal "data_in" is read inside the Process Statement but isn't in the Process Statement's sensitivity list
Warning (10492): VHDL Process Statement warning at main_fsm-behav.vhd(327): signal "data_in" is read inside the Process Statement but isn't in the Process Statement's sensitivity list
Warning (10492): VHDL Process Statement warning at main_fsm-behav.vhd(342): signal "data_in" is read inside the Process Statement but isn't in the Process Statement's sensitivity list
Warning (10492): VHDL Process Statement warning at main_fsm-behav.vhd(343): signal "data_in" is read inside the Process Statement but isn't in the Process Statement's sensitivity list
Warning (10492): VHDL Process Statement warning at main_fsm-behav.vhd(344): signal "data_in" is read inside the Process Statement but isn't in the Process Statement's sensitivity list
Warning (10492): VHDL Process Statement warning at main_fsm-behav.vhd(360): signal "count15k_in" is read inside the Process Statement but isn't in the Process Statement's sensitivity list
Warning (10492): VHDL Process Statement warning at main_fsm-behav.vhd(380): signal "data_in" is read inside the Process Statement but isn't in the Process Statement's sensitivity list
Warning (10492): VHDL Process Statement warning at main_fsm-behav.vhd(381): signal "data_in" is read inside the Process Statement but isn't in the Process Statement's sensitivity list
Warning (10492): VHDL Process Statement warning at main_fsm-behav.vhd(382): signal "data_in" is read inside the Process Statement but isn't in the Process Statement's sensitivity list
Warning (10492): VHDL Process Statement warning at main_fsm-behav.vhd(401): signal "data_in" is read inside the Process Statement but isn't in the Process Statement's sensitivity list
Warning (10492): VHDL Process Statement warning at main_fsm-behav.vhd(402): signal "data_in" is read inside the Process Statement but isn't in the Process Statement's sensitivity list
Warning (10492): VHDL Process Statement warning at main_fsm-behav.vhd(403): signal "data_in" is read inside the Process Statement but isn't in the Process Statement's sensitivity list
Warning (10492): VHDL Process Statement warning at main_fsm-behav.vhd(425): signal "handshake_in" is read inside the Process Statement but isn't in the Process Statement's sensitivity list
Warning (10492): VHDL Process Statement warning at main_fsm-behav.vhd(448): signal "handshake_in" is read inside the Process Statement but isn't in the Process Statement's sensitivity list
Info (12128): Elaborating entity "flipflop" for hierarchy "mouse:inst|flipflop:flipflop1"
Info (12128): Elaborating entity "shiftregister_11bit" for hierarchy "mouse:inst|shiftregister_11bit:sr11"
Info (12128): Elaborating entity "gen25mhz" for hierarchy "gen25mhz:inst1"
Info (13025): Duplicate LATCH primitives merged into single LATCH primitive
    Info (13026): Duplicate LATCH primitive "mouse:inst|sendFSM:sfsm|dataToReg[6]" merged with LATCH primitive "mouse:inst|sendFSM:sfsm|dataToReg[8]"
    Info (13026): Duplicate LATCH primitive "mouse:inst|sendFSM:sfsm|dataToReg[5]" merged with LATCH primitive "mouse:inst|sendFSM:sfsm|dataToReg[8]"
    Info (13026): Duplicate LATCH primitive "mouse:inst|sendFSM:sfsm|dataToReg[2]" merged with LATCH primitive "mouse:inst|sendFSM:sfsm|dataToReg[4]"
    Info (13026): Duplicate LATCH primitive "mouse:inst|sendFSM:sfsm|dataToReg[1]" merged with LATCH primitive "mouse:inst|sendFSM:sfsm|dataToReg[4]"
Info (17049): 1 registers lost all their fanouts during netlist optimizations.
Info (16010): Generating hard_block partition "hard_block:auto_generated_inst"
    Info (16011): Adding 0 node(s), including 0 DDIO, 0 PLL, 0 transceiver and 0 LCELL
Info (21057): Implemented 138 device resources after synthesis - the final resource count might be different
    Info (21058): Implemented 4 input pins
    Info (21059): Implemented 17 output pins
    Info (21061): Implemented 117 logic cells
Info: Quartus II 32-bit Analysis & Synthesis was successful. 0 errors, 50 warnings
    Info: Peak virtual memory: 371 megabytes
    Info: Processing ended: Wed Jan 11 19:37:38 2023
    Info: Elapsed time: 00:00:04
    Info: Total CPU time (on all processors): 00:00:03


